Using pre-set license
Built from '2021.1/staging' branch; Version is '2021.1.13f1 (a03098edbbe0) revision 10498200'; Using compiler version '192528614'; Build Type 'Release'
OS: 'Windows 10 Home; OS build 19042.1110; Version 2009; 64bit' Language: 'en' Physical Memory: 16205 MB
BatchMode: 1, IsHumanControllingUs: 0, StartBugReporterOnCrash: 0, Is64bit: 1, IsPro: 0

 COMMAND LINE ARGUMENTS:
D:\Unity versions\2021.1.13f1\Editor\Unity.exe
-adb2
-batchMode
-noUpm
-name
AssetImportWorker0
-projectPath
C:/Users/casid/Desktop/Syn-git/SynUnity
-logFile
Logs/AssetImportWorker0.log
-srvPort
63626
Successfully changed project path to: C:/Users/casid/Desktop/Syn-git/SynUnity
C:/Users/casid/Desktop/Syn-git/SynUnity
Using Asset Import Pipeline V2.
Refreshing native plugins compatible for Editor in 95.26 ms, found 4 plugins.
Preloading 0 native plugins for Editor in 0.00 ms.
Initialize engine version: 2021.1.13f1 (a03098edbbe0)
[Subsystems] Discovering subsystems at path D:/Unity versions/2021.1.13f1/Editor/Data/Resources/UnitySubsystems
[Subsystems] Discovering subsystems at path C:/Users/casid/Desktop/Syn-git/SynUnity/Assets
GfxDevice: creating device client; threaded=0; jobified=0
Direct3D:
    Version:  Direct3D 11.0 [level 11.1]
    Renderer: NVIDIA GeForce GTX 1660 Ti (ID=0x2191)
    Vendor:   NVIDIA
    VRAM:     5991 MB
    Driver:   30.0.14.7111
Initialize mono
Mono path[0] = 'D:/Unity versions/2021.1.13f1/Editor/Data/Managed'
Mono path[1] = 'D:/Unity versions/2021.1.13f1/Editor/Data/MonoBleedingEdge/lib/mono/unityjit'
Mono config path = 'D:/Unity versions/2021.1.13f1/Editor/Data/MonoBleedingEdge/etc'
Using monoOptions --debugger-agent=transport=dt_socket,embedding=1,server=y,suspend=n,address=127.0.0.1:56092
Begin MonoManager ReloadAssembly
Registering precompiled unity dll's ...
Register platform support module: D:/Unity versions/2021.1.13f1/Editor/Data/PlaybackEngines/WindowsStandaloneSupport/UnityEditor.WindowsStandalone.Extensions.dll
Registered in 0.000797 seconds.
Native extension for WindowsStandalone target not found
Refreshing native plugins compatible for Editor in 104.32 ms, found 4 plugins.
Preloading 0 native plugins for Editor in 0.00 ms.
Mono: successfully reloaded assembly
- Completed reload, in  0.890 seconds
Domain Reload Profiling:
	ReloadAssembly (890ms)
		BeginReloadAssembly (42ms)
			ExecutionOrderSort (0ms)
			DisableScriptedObjects (0ms)
			BackupInstance (0ms)
			ReleaseScriptingObjects (0ms)
			CreateAndSetChildDomain (1ms)
		EndReloadAssembly (477ms)
			LoadAssemblies (41ms)
			RebuildTransferFunctionScriptingTraits (0ms)
			SetupTypeCache (159ms)
			ReleaseScriptCaches (0ms)
			RebuildScriptCaches (36ms)
			SetupLoadedEditorAssemblies (239ms)
				LogAssemblyErrors (0ms)
				InitializePlatformSupportModulesInManaged (6ms)
				SetLoadedEditorAssemblies (0ms)
				RefreshPlugins (104ms)
				BeforeProcessingInitializeOnLoad (2ms)
				ProcessInitializeOnLoadAttributes (99ms)
				ProcessInitializeOnLoadMethodAttributes (28ms)
				AfterProcessingInitializeOnLoad (0ms)
				EditorAssembliesLoaded (0ms)
			ExecutionOrderSort2 (0ms)
			AwakeInstancesAfterBackupRestoration (0ms)
Platform modules already initialized, skipping
Registering precompiled user dll's ...
Registered in 0.005142 seconds.
Begin MonoManager ReloadAssembly
Symbol file LoadedFromMemory doesn't match image C:\Users\casid\Desktop\Syn-git\SynUnity\Library\PackageCache\com.unity.visualscripting@1.6.1\Editor\VisualScripting.Core\Dependencies\YamlDotNet\Unity.VisualScripting.YamlDotNet.dll
Symbol file LoadedFromMemory doesn't match image C:\Users\casid\Desktop\Syn-git\SynUnity\Library\PackageCache\com.unity.visualscripting@1.6.1\Editor\VisualScripting.Core\Dependencies\DotNetZip\Unity.VisualScripting.IonicZip.dll
Native extension for WindowsStandalone target not found
Refreshing native plugins compatible for Editor in 99.46 ms, found 4 plugins.
Preloading 0 native plugins for Editor in 0.00 ms.
Mono: successfully reloaded assembly
- Completed reload, in  1.172 seconds
Domain Reload Profiling:
	ReloadAssembly (1173ms)
		BeginReloadAssembly (129ms)
			ExecutionOrderSort (0ms)
			DisableScriptedObjects (4ms)
			BackupInstance (0ms)
			ReleaseScriptingObjects (0ms)
			CreateAndSetChildDomain (18ms)
		EndReloadAssembly (994ms)
			LoadAssemblies (78ms)
			RebuildTransferFunctionScriptingTraits (0ms)
			SetupTypeCache (337ms)
			ReleaseScriptCaches (1ms)
			RebuildScriptCaches (52ms)
			SetupLoadedEditorAssemblies (426ms)
				LogAssemblyErrors (0ms)
				InitializePlatformSupportModulesInManaged (3ms)
				SetLoadedEditorAssemblies (0ms)
				RefreshPlugins (100ms)
				BeforeProcessingInitializeOnLoad (77ms)
				ProcessInitializeOnLoadAttributes (227ms)
				ProcessInitializeOnLoadMethodAttributes (16ms)
				AfterProcessingInitializeOnLoad (2ms)
				EditorAssembliesLoaded (0ms)
			ExecutionOrderSort2 (0ms)
			AwakeInstancesAfterBackupRestoration (6ms)
Platform modules already initialized, skipping
========================================================================
Worker process is ready to serve import requests
Launched and connected shader compiler UnityShaderCompiler.exe after 0.04 seconds
Refreshing native plugins compatible for Editor in 0.73 ms, found 4 plugins.
Preloading 0 native plugins for Editor in 0.00 ms.
Unloading 3809 Unused Serialized files (Serialized files now loaded: 0)
System memory in use before: 153.5 MB.
System memory in use after: 153.6 MB.

Unloading 38 unused Assets to reduce memory usage. Loaded Objects now: 4269.
Total: 2.761500 ms (FindLiveObjects: 0.314600 ms CreateObjectMapping: 0.226400 ms MarkObjects: 2.104800 ms  DeleteObjects: 0.114800 ms)

AssetImportParameters requested are different than current active one (requested -> active):
  custom:framework-win-MediaFoundation: 216162199b28c13a410421893ffa2e32 -> 
  custom:video-decoder-ogg-theora: a1e56fd34408186e4bbccfd4996cb3dc -> 
  custom:container-muxer-webm: aa71ff27fc2769a1b78a27578f13a17b -> 
  custom:container-demuxer-webm: 4f35f7cbe854078d1ac9338744f61a02 -> 
  custom:container-demuxer-ogg: 62fdf1f143b41e24485cea50d1cbac27 -> 
  custom:video-encoder-webm-vp8: eb34c28f22e8b96e1ab97ce403110664 -> 
  custom:video-decoder-webm-vp8: 9c59270c3fd7afecdb556c50c9e8de78 -> 
  custom:audio-decoder-ogg-vorbis: bf7c407c2cedff20999df2af8eb42d56 -> 
  custom:audio-encoder-webm-vorbis: bf7c407c2cedff20999df2af8eb42d56 -> 
========================================================================
Received Import Request.
  path: Assets/Materials/Err
  artifactKey: Guid(f809cb149cb88d342a666aeec1d260e7) Importer(815301076,1909f56bfc062723c751e8b465ee728b)
Start importing Assets/Materials/Err using Guid(f809cb149cb88d342a666aeec1d260e7) Importer(815301076,1909f56bfc062723c751e8b465ee728b)  -> (artifact id: '42d2a67f118903cc3864b2f352540fad') in 0.010494 seconds 
========================================================================
Received Import Request.
  Time since last request: 43.467690 seconds.
  path: Assets/Scenes/Lvl1.unity
  artifactKey: Guid(82905a304ae6aa247943e1cedf8a51cd) Importer(815301076,1909f56bfc062723c751e8b465ee728b)
Start importing Assets/Scenes/Lvl1.unity using Guid(82905a304ae6aa247943e1cedf8a51cd) Importer(815301076,1909f56bfc062723c751e8b465ee728b)  -> (artifact id: '1e7fbc67acdb4e244f4e53137639fb10') in 0.014015 seconds 
========================================================================
Received Import Request.
  Time since last request: 22.563859 seconds.
  path: Assets/Materials/Err/dragon_bulb.png
  artifactKey: Guid(5c3439409d4d8a745b60c124423e7cd4) Importer(815301076,1909f56bfc062723c751e8b465ee728b)
Start importing Assets/Materials/Err/dragon_bulb.png using Guid(5c3439409d4d8a745b60c124423e7cd4) Importer(815301076,1909f56bfc062723c751e8b465ee728b)  -> (artifact id: '93fc0c4f4d6c8445b22d68415c378958') in 0.110605 seconds 
========================================================================
Received Import Request.
  Time since last request: 0.000135 seconds.
  path: Assets/Materials/Err/DragonLeftArm.png
  artifactKey: Guid(9b6234ed3acbdf54ea661d93d71cb2fb) Importer(815301076,1909f56bfc062723c751e8b465ee728b)
Start importing Assets/Materials/Err/DragonLeftArm.png using Guid(9b6234ed3acbdf54ea661d93d71cb2fb) Importer(815301076,1909f56bfc062723c751e8b465ee728b)  -> (artifact id: '3f9522b94f75ce5eb30b1a8eee1b5962') in 0.012501 seconds 
========================================================================
Received Import Request.
  Time since last request: 0.000171 seconds.
  path: Assets/Materials/Err/DragonRightArm.png
  artifactKey: Guid(88af06f320ccdd94d9da9ef7e19e2570) Importer(815301076,1909f56bfc062723c751e8b465ee728b)
Start importing Assets/Materials/Err/DragonRightArm.png using Guid(88af06f320ccdd94d9da9ef7e19e2570) Importer(815301076,1909f56bfc062723c751e8b465ee728b)  -> (artifact id: 'e92e1373bab65185667f49c276fb7191') in 0.014512 seconds 
========================================================================
Received Import Request.
  Time since last request: 0.000138 seconds.
  path: Assets/Materials/Err/dragon_head.png
  artifactKey: Guid(820532f22671886419fb67ddb754ee62) Importer(815301076,1909f56bfc062723c751e8b465ee728b)
Start importing Assets/Materials/Err/dragon_head.png using Guid(820532f22671886419fb67ddb754ee62) Importer(815301076,1909f56bfc062723c751e8b465ee728b)  -> (artifact id: 'b9b57dc0016ab986e9cbff6b415adceb') in 0.013608 seconds 
========================================================================
Received Import Request.
  Time since last request: 0.000236 seconds.
  path: Assets/Materials/Err/dragonbody.png
  artifactKey: Guid(80460de114c8c3143b3532c4d7ff1237) Importer(815301076,1909f56bfc062723c751e8b465ee728b)
Start importing Assets/Materials/Err/dragonbody.png using Guid(80460de114c8c3143b3532c4d7ff1237) Importer(815301076,1909f56bfc062723c751e8b465ee728b)  -> (artifact id: 'd56d3bf830311ab0c15d1f4dd015643c') in 0.017001 seconds 
========================================================================
Received Import Request.
  Time since last request: 80.443305 seconds.
  path: Assets/Materials/Err/DragonRightLeg.png
  artifactKey: Guid(91562e6b41d3b4b448fe7b443d2e4beb) Importer(815301076,1909f56bfc062723c751e8b465ee728b)
Start importing Assets/Materials/Err/DragonRightLeg.png using Guid(91562e6b41d3b4b448fe7b443d2e4beb) Importer(815301076,1909f56bfc062723c751e8b465ee728b)  -> (artifact id: 'f45ffd7c360cba4edf7a687f29101fce') in 0.015339 seconds 
========================================================================
Received Import Request.
  Time since last request: 61.136186 seconds.
  path: Assets/Materials/Err/DragonLeftLeg.png
  artifactKey: Guid(d9783466149697649a379e498b24933e) Importer(815301076,1909f56bfc062723c751e8b465ee728b)
Start importing Assets/Materials/Err/DragonLeftLeg.png using Guid(d9783466149697649a379e498b24933e) Importer(815301076,1909f56bfc062723c751e8b465ee728b)  -> (artifact id: '3cebbc34b49a87593c7ae827de831e2c') in 0.015541 seconds 
========================================================================
Received Import Request.
  Time since last request: 676.204398 seconds.
  path: Assets/Animations/Syn
  artifactKey: Guid(f725089466f7f7646877f61ab84dc88b) Importer(815301076,1909f56bfc062723c751e8b465ee728b)
Start importing Assets/Animations/Syn using Guid(f725089466f7f7646877f61ab84dc88b) Importer(815301076,1909f56bfc062723c751e8b465ee728b)  -> (artifact id: 'dd666b55464f232471634390d9c39cfe') in 0.008537 seconds 
========================================================================
Received Import Request.
  Time since last request: 0.812646 seconds.
  path: Assets/Animations/Fall.anim
  artifactKey: Guid(2ca94e11733891044a5de59f16678bf1) Importer(815301076,1909f56bfc062723c751e8b465ee728b)
Start importing Assets/Animations/Fall.anim using Guid(2ca94e11733891044a5de59f16678bf1) Importer(815301076,1909f56bfc062723c751e8b465ee728b)  -> (artifact id: 'f0a0dcdc19cd61afa25a3dd52d984602') in 0.010933 seconds 
========================================================================
Received Import Request.
  Time since last request: 4.903922 seconds.
  path: Assets/Animations/Err
  artifactKey: Guid(1d3641c5941a43d40a20fe5efde76396) Importer(815301076,1909f56bfc062723c751e8b465ee728b)
Start importing Assets/Animations/Err using Guid(1d3641c5941a43d40a20fe5efde76396) Importer(815301076,1909f56bfc062723c751e8b465ee728b)  -> (artifact id: '776b6652444c62899618a5d2d621b9eb') in 0.002997 seconds 
========================================================================
Received Import Request.
  Time since last request: 9.064136 seconds.
  path: Assets/Animations/Err/Err Controller.controller
  artifactKey: Guid(8aa1c6ea529b7f64396bec500f99abf4) Importer(815301076,1909f56bfc062723c751e8b465ee728b)
Start importing Assets/Animations/Err/Err Controller.controller using Guid(8aa1c6ea529b7f64396bec500f99abf4) Importer(815301076,1909f56bfc062723c751e8b465ee728b)  -> (artifact id: 'f9b29c38879bd724f99c158b0c85675c') in 0.008183 seconds 
========================================================================
Received Import Request.
  Time since last request: 7.527027 seconds.
  path: Assets/Animations/Err/Test.anim
  artifactKey: Guid(2af8d4aca9b7e0342ba889b4271a2d43) Importer(815301076,1909f56bfc062723c751e8b465ee728b)
Start importing Assets/Animations/Err/Test.anim using Guid(2af8d4aca9b7e0342ba889b4271a2d43) Importer(815301076,1909f56bfc062723c751e8b465ee728b)  -> (artifact id: '3924d55ba488de07bf7964935460f37c') in 0.011118 seconds 
========================================================================
Received Import Request.
  Time since last request: 211.519596 seconds.
  path: Assets/Materials/Err/DragonLeftShoulder.png
  artifactKey: Guid(8ce47e935785b4342a3ad5350410be1f) Importer(815301076,1909f56bfc062723c751e8b465ee728b)
Start importing Assets/Materials/Err/DragonLeftShoulder.png using Guid(8ce47e935785b4342a3ad5350410be1f) Importer(815301076,1909f56bfc062723c751e8b465ee728b)  -> (artifact id: '168e903c1dd35293b998b27d8365d081') in 0.012482 seconds 
========================================================================
Received Import Request.
  Time since last request: 114.475551 seconds.
  path: Assets/Materials/Err/DragonLeftArm (1).png
  artifactKey: Guid(c8b6d7aeb96a2c942bbaff407ccd79c5) Importer(815301076,1909f56bfc062723c751e8b465ee728b)
Start importing Assets/Materials/Err/DragonLeftArm (1).png using Guid(c8b6d7aeb96a2c942bbaff407ccd79c5) Importer(815301076,1909f56bfc062723c751e8b465ee728b)  -> (artifact id: '2c04f52c7bc43564ed651c111aa9beb7') in 0.012736 seconds 
========================================================================
Received Import Request.
  Time since last request: 37.011328 seconds.
  path: Assets/Materials/Err/DragonLeftHand.png
  artifactKey: Guid(ed6e48403ca7c70469183b8aa4230f69) Importer(815301076,1909f56bfc062723c751e8b465ee728b)
Start importing Assets/Materials/Err/DragonLeftHand.png using Guid(ed6e48403ca7c70469183b8aa4230f69) Importer(815301076,1909f56bfc062723c751e8b465ee728b)  -> (artifact id: '82b69ef89bef3f75178142776e7883b8') in 0.012523 seconds 
========================================================================
Received Import Request.
  Time since last request: 572.658974 seconds.
  path: Assets/Materials/Err/DragonRightArm (1).png
  artifactKey: Guid(98bfb5d7b1ddce84fa4cb7aa10a8b0b6) Importer(815301076,1909f56bfc062723c751e8b465ee728b)
Start importing Assets/Materials/Err/DragonRightArm (1).png using Guid(98bfb5d7b1ddce84fa4cb7aa10a8b0b6) Importer(815301076,1909f56bfc062723c751e8b465ee728b)  -> (artifact id: '1e9684085daf9a202bb787269ffcc656') in 0.014302 seconds 
========================================================================
Received Import Request.
  Time since last request: 0.000165 seconds.
  path: Assets/Materials/Err/DragonRightShoulder.png
  artifactKey: Guid(ef34fafd9e5815245919f42d3998def8) Importer(815301076,1909f56bfc062723c751e8b465ee728b)
Start importing Assets/Materials/Err/DragonRightShoulder.png using Guid(ef34fafd9e5815245919f42d3998def8) Importer(815301076,1909f56bfc062723c751e8b465ee728b)  -> (artifact id: '0ab6fd7882f4a028faf3defdaba62bb2') in 0.020100 seconds 
========================================================================
Received Import Request.
  Time since last request: 0.000180 seconds.
  path: Assets/Materials/Err/DragonRightHand.png
  artifactKey: Guid(0cb9ebc70898ee84f8156d2c918ab165) Importer(815301076,1909f56bfc062723c751e8b465ee728b)
Start importing Assets/Materials/Err/DragonRightHand.png using Guid(0cb9ebc70898ee84f8156d2c918ab165) Importer(815301076,1909f56bfc062723c751e8b465ee728b)  -> (artifact id: '49ee84e106c959bac6dd35e6774351d0') in 0.014494 seconds 
========================================================================
Received Import Request.
  Time since last request: 149.022253 seconds.
  path: Assets/Materials/Err/DragonBody (1).png
  artifactKey: Guid(9a70c098e176f3847bf6b58e612794a3) Importer(815301076,1909f56bfc062723c751e8b465ee728b)
Start importing Assets/Materials/Err/DragonBody (1).png using Guid(9a70c098e176f3847bf6b58e612794a3) Importer(815301076,1909f56bfc062723c751e8b465ee728b)  -> (artifact id: '528688d2ca185590f668231c2d366785') in 0.013671 seconds 
========================================================================
Received Import Request.
  Time since last request: 109.190520 seconds.
  path: Assets/Materials/Err/DragonTentacle1.png
  artifactKey: Guid(316fc993277c332439fc5564f7816464) Importer(815301076,1909f56bfc062723c751e8b465ee728b)
Start importing Assets/Materials/Err/DragonTentacle1.png using Guid(316fc993277c332439fc5564f7816464) Importer(815301076,1909f56bfc062723c751e8b465ee728b)  -> (artifact id: 'a556c86693c7d33e774675e54e4f65cf') in 0.013080 seconds 
========================================================================
Received Import Request.
  Time since last request: 9.551084 seconds.
  path: Assets/Materials/Err/DragonTentacle2.png
  artifactKey: Guid(83cd81d5833f486408a7917dd8cb7532) Importer(815301076,1909f56bfc062723c751e8b465ee728b)
Start importing Assets/Materials/Err/DragonTentacle2.png using Guid(83cd81d5833f486408a7917dd8cb7532) Importer(815301076,1909f56bfc062723c751e8b465ee728b)  -> (artifact id: '2969f06e6e9158db00fd0df5458f3ecc') in 0.011708 seconds 
========================================================================
Received Prepare
Registering precompiled user dll's ...
Registered in 0.005638 seconds.
Begin MonoManager ReloadAssembly
Symbol file LoadedFromMemory doesn't match image C:\Users\casid\Desktop\Syn-git\SynUnity\Library\PackageCache\com.unity.visualscripting@1.6.1\Editor\VisualScripting.Core\Dependencies\YamlDotNet\Unity.VisualScripting.YamlDotNet.dll
Symbol file LoadedFromMemory doesn't match image C:\Users\casid\Desktop\Syn-git\SynUnity\Library\PackageCache\com.unity.visualscripting@1.6.1\Editor\VisualScripting.Core\Dependencies\DotNetZip\Unity.VisualScripting.IonicZip.dll
Native extension for WindowsStandalone target not found
Refreshing native plugins compatible for Editor in 0.71 ms, found 4 plugins.
Preloading 0 native plugins for Editor in 0.00 ms.
Mono: successfully reloaded assembly
- Completed reload, in  1.070 seconds
Domain Reload Profiling:
	ReloadAssembly (1070ms)
		BeginReloadAssembly (115ms)
			ExecutionOrderSort (0ms)
			DisableScriptedObjects (6ms)
			BackupInstance (0ms)
			ReleaseScriptingObjects (0ms)
			CreateAndSetChildDomain (48ms)
		EndReloadAssembly (904ms)
			LoadAssemblies (81ms)
			RebuildTransferFunctionScriptingTraits (0ms)
			SetupTypeCache (378ms)
			ReleaseScriptCaches (1ms)
			RebuildScriptCaches (42ms)
			SetupLoadedEditorAssemblies (284ms)
				LogAssemblyErrors (0ms)
				InitializePlatformSupportModulesInManaged (4ms)
				SetLoadedEditorAssemblies (0ms)
				RefreshPlugins (1ms)
				BeforeProcessingInitializeOnLoad (58ms)
				ProcessInitializeOnLoadAttributes (211ms)
				ProcessInitializeOnLoadMethodAttributes (8ms)
				AfterProcessingInitializeOnLoad (2ms)
				EditorAssembliesLoaded (0ms)
			ExecutionOrderSort2 (0ms)
			AwakeInstancesAfterBackupRestoration (16ms)
Platform modules already initialized, skipping
Refreshing native plugins compatible for Editor in 0.71 ms, found 4 plugins.
Preloading 0 native plugins for Editor in 0.00 ms.
Unloading 3815 Unused Serialized files (Serialized files now loaded: 0)
System memory in use before: 167.1 MB.
System memory in use after: 167.2 MB.

Unloading 26 unused Assets to reduce memory usage. Loaded Objects now: 4546.
Total: 2.762500 ms (FindLiveObjects: 0.280300 ms CreateObjectMapping: 0.219500 ms MarkObjects: 2.109400 ms  DeleteObjects: 0.152500 ms)

AssetImportParameters requested are different than current active one (requested -> active):
  custom:framework-win-MediaFoundation: 216162199b28c13a410421893ffa2e32 -> 
  custom:video-decoder-ogg-theora: a1e56fd34408186e4bbccfd4996cb3dc -> 
  custom:container-muxer-webm: aa71ff27fc2769a1b78a27578f13a17b -> 
  custom:container-demuxer-webm: 4f35f7cbe854078d1ac9338744f61a02 -> 
  custom:container-demuxer-ogg: 62fdf1f143b41e24485cea50d1cbac27 -> 
  custom:video-encoder-webm-vp8: eb34c28f22e8b96e1ab97ce403110664 -> 
  custom:video-decoder-webm-vp8: 9c59270c3fd7afecdb556c50c9e8de78 -> 
  custom:audio-decoder-ogg-vorbis: bf7c407c2cedff20999df2af8eb42d56 -> 
  custom:audio-encoder-webm-vorbis: bf7c407c2cedff20999df2af8eb42d56 -> 
AssetImportWorkerClient::OnTransportError - code=2 error=End of file
